<?xml version="1.0" encoding="UTF-8"?>
<testsuites>
  <testsuite name="fastlane.lanes">
    
    
    
      
      <testcase classname="fastlane.lanes" name="0: default_platform" time="0.000381">
        
      </testcase>
    
      
      <testcase classname="fastlane.lanes" name="1:       xcodebuild build       -scheme AVplayerDemo       -destination &apos;platform=iOS Simulator,name=iPhone 16e&apos;
" time="0.431781">
        
          <failure message="/opt/homebrew/Cellar/fastlane/2.230.0/libexec/gems/fastlane-2.230.0/fastlane/lib/fastlane/actions/actions_helper.rb:67:in &apos;Fastlane::Actions.execute_action&apos;&#10;/opt/homebrew/Cellar/fastlane/2.230.0/libexec/gems/fastlane-2.230.0/fastlane/lib/fastlane/fast_file.rb:224:in &apos;Fastlane::FastFile.sh&apos;&#10;/opt/homebrew/Cellar/fastlane/2.230.0/libexec/gems/fastlane-2.230.0/fastlane/lib/fastlane/fast_file.rb:216:in &apos;Fastlane::FastFile#sh&apos;&#10;Fastfile:40:in &apos;block (2 levels) in Fastlane::FastFile#parsing_binding&apos;&#10;/opt/homebrew/Cellar/fastlane/2.230.0/libexec/gems/fastlane-2.230.0/fastlane/lib/fastlane/lane.rb:41:in &apos;Fastlane::Lane#call&apos;&#10;/opt/homebrew/Cellar/fastlane/2.230.0/libexec/gems/fastlane-2.230.0/fastlane/lib/fastlane/runner.rb:49:in &apos;block in Fastlane::Runner#execute&apos;&#10;/opt/homebrew/Cellar/fastlane/2.230.0/libexec/gems/fastlane-2.230.0/fastlane/lib/fastlane/runner.rb:45:in &apos;Dir.chdir&apos;&#10;/opt/homebrew/Cellar/fastlane/2.230.0/libexec/gems/fastlane-2.230.0/fastlane/lib/fastlane/runner.rb:45:in &apos;Fastlane::Runner#execute&apos;&#10;/opt/homebrew/Cellar/fastlane/2.230.0/libexec/gems/fastlane-2.230.0/fastlane/lib/fastlane/lane_manager.rb:46:in &apos;Fastlane::LaneManager.cruise_lane&apos;&#10;/opt/homebrew/Cellar/fastlane/2.230.0/libexec/gems/fastlane-2.230.0/fastlane/lib/fastlane/command_line_handler.rb:34:in &apos;Fastlane::CommandLineHandler.handle&apos;&#10;/opt/homebrew/Cellar/fastlane/2.230.0/libexec/gems/fastlane-2.230.0/fastlane/lib/fastlane/commands_generator.rb:110:in &apos;block (2 levels) in Fastlane::CommandsGenerator#run&apos;&#10;/opt/homebrew/Cellar/fastlane/2.230.0/libexec/gems/commander-4.6.0/lib/commander/command.rb:187:in &apos;Commander::Command#call&apos;&#10;/opt/homebrew/Cellar/fastlane/2.230.0/libexec/gems/commander-4.6.0/lib/commander/command.rb:157:in &apos;Commander::Command#run&apos;&#10;/opt/homebrew/Cellar/fastlane/2.230.0/libexec/gems/commander-4.6.0/lib/commander/runner.rb:444:in &apos;Commander::Runner#run_active_command&apos;&#10;/opt/homebrew/Cellar/fastlane/2.230.0/libexec/gems/fastlane-2.230.0/fastlane_core/lib/fastlane_core/ui/fastlane_runner.rb:124:in &apos;Commander::Runner#run!&apos;&#10;/opt/homebrew/Cellar/fastlane/2.230.0/libexec/gems/commander-4.6.0/lib/commander/delegates.rb:18:in &apos;Commander::Delegates#run!&apos;&#10;/opt/homebrew/Cellar/fastlane/2.230.0/libexec/gems/fastlane-2.230.0/fastlane/lib/fastlane/commands_generator.rb:363:in &apos;Fastlane::CommandsGenerator#run&apos;&#10;/opt/homebrew/Cellar/fastlane/2.230.0/libexec/gems/fastlane-2.230.0/fastlane/lib/fastlane/commands_generator.rb:43:in &apos;Fastlane::CommandsGenerator.start&apos;&#10;/opt/homebrew/Cellar/fastlane/2.230.0/libexec/gems/fastlane-2.230.0/fastlane/lib/fastlane/cli_tools_distributor.rb:123:in &apos;Fastlane::CLIToolsDistributor.take_off&apos;&#10;/opt/homebrew/Cellar/fastlane/2.230.0/libexec/gems/fastlane-2.230.0/bin/fastlane:23:in &apos;&lt;top (required)&gt;&apos;&#10;/opt/homebrew/Cellar/ruby/3.4.8/lib/ruby/3.4.0/rubygems.rb:303:in &apos;Kernel#load&apos;&#10;/opt/homebrew/Cellar/ruby/3.4.8/lib/ruby/3.4.0/rubygems.rb:303:in &apos;Gem.activate_and_load_bin_path&apos;&#10;/opt/homebrew/Cellar/fastlane/2.230.0/libexec/bin/fastlane:25:in &apos;&lt;main&gt;&apos;&#10;&#10;Exit status of command &apos;      xcodebuild build       -scheme AVplayerDemo       -destination &apos;platform=iOS Simulator,name=iPhone 16e&apos;&#10;&apos; was 66 instead of 0.&#10;Command line invocation:&#10;    /Applications/Xcode.app/Contents/Developer/usr/bin/xcodebuild build -scheme AVplayerDemo -destination &quot;platform=iOS Simulator,name=iPhone 16e&quot;&#10;&#10;2025-12-23 20:21:35.303 xcodebuild[9143:156283] Writing error result bundle to /var/folders/sr/zc7mc64x0sn_4zn84hbc1gc80000gn/T/ResultBundle_2025-23-12_20-21-0035.xcresult&#10;xcodebuild: error: The directory /Users/vishalkothari/Desktop/AVplayerDemo/fastlane does not contain an Xcode project, workspace or package.&#10;&#10;" />
        
      </testcase>
    
  </testsuite>
</testsuites>
